<?xml version="1.0" encoding="UTF-8"?>
<configuration>
    <STRING_VALUE>test string</STRING_VALUE>
    <INT_VALUE>42</INT_VALUE>
    <FLOAT_VALUE>3.14</FLOAT_VALUE>
    <BOOLEAN_VALUE>true</BOOLEAN_VALUE>
    <UNDEFINED_VALUE>undefined</UNDEFINED_VALUE>
    <SERVER_PORT>8080</SERVER_PORT>
    <DEBUG_MODE>true</DEBUG_MODE>
    <SERVER_NAME>Test Server</SERVER_NAME>
    <MAX_PLAYERS>100</MAX_PLAYERS>
    <TICK_RATE>60.0</TICK_RATE>
</configuration> 